#
# There is insufficient memory for the Java Runtime Environment to continue.
# Native memory allocation (mmap) failed to map 134217728 bytes for G1 virtual space
# Possible reasons:
#   The system is out of physical RAM or swap space
#   The process is running with CompressedOops enabled, and the Java Heap may be blocking the growth of the native heap
# Possible solutions:
#   Reduce memory load on the system
#   Increase physical memory or swap space
#   Check if swap backing store is full
#   Decrease Java heap size (-Xmx/-Xms)
#   Decrease number of Java threads
#   Decrease Java thread stack sizes (-Xss)
#   Set larger code cache with -XX:ReservedCodeCacheSize=
#   JVM is running with Unscaled Compressed Oops mode in which the Java heap is
#     placed in the first 4GB address space. The Java Heap base address is the
#     maximum limit for the native heap growth. Please use -XX:HeapBaseMinAddress
#     to set the Java Heap base and to place the Java Heap above 4GB virtual address.
# This output file may be truncated or incomplete.
#
#  Out of Memory Error (./open/src/hotspot/os/windows/os_windows.cpp:3472), pid=15628, tid=8164
#
# JRE version:  (15.0.1+9) (build )
# Java VM: OpenJDK 64-Bit Server VM (15.0.1+9-18, mixed mode, sharing, tiered, compressed oops, g1 gc, windows-amd64)
# No core dump will be written. Minidumps are not enabled by default on client versions of Windows
#

---------------  S U M M A R Y ------------

Command Line: -Dfile.encoding=Cp1252 -XX:+ShowCodeDetailsInExceptionMessages org.ciberfarma.vista.JPATest02

Host: Intel(R) Core(TM) i5-3470 CPU @ 3.20GHz, 4 cores, 7G,  Windows 10 , 64 bit Build 19041 (10.0.19041.804)
Time: Tue Apr 13 22:29:14 2021 Hora est. Pacífico, Sudamérica elapsed time: 0.034120 seconds (0d 0h 0m 0s)

---------------  T H R E A D  ---------------

Current thread (0x000001cd0cd22c30):  JavaThread "Unknown thread" [_thread_in_vm, id=8164, stack(0x000000a7e9d00000,0x000000a7e9e00000)]

Stack: [0x000000a7e9d00000,0x000000a7e9e00000]
Native frames: (J=compiled Java code, j=interpreted, Vv=VM code, C=native code)
V  [jvm.dll+0x62ae9a]
V  [jvm.dll+0x781389]
V  [jvm.dll+0x782ae3]
V  [jvm.dll+0x783143]
V  [jvm.dll+0x216265]
V  [jvm.dll+0x6281d9]
V  [jvm.dll+0x61cd15]
V  [jvm.dll+0x2d01fd]
V  [jvm.dll+0x2d0062]
V  [jvm.dll+0x2d603c]
V  [jvm.dll+0x325b2a]
V  [jvm.dll+0x3251f4]
V  [jvm.dll+0x2a717a]
V  [jvm.dll+0x2a8318]
V  [jvm.dll+0x75e101]
V  [jvm.dll+0x3343e4]
V  [jvm.dll+0x73e826]
V  [jvm.dll+0x3b7777]
V  [jvm.dll+0x3b9201]
C  [jli.dll+0x52fb]
C  [ucrtbase.dll+0x21bb2]
C  [KERNEL32.DLL+0x17034]
C  [ntdll.dll+0x52651]


---------------  P R O C E S S  ---------------

Threads class SMR info:
_java_thread_list=0x00007ff9c67b4ff0, length=0, elements={
}

Java Threads: ( => current thread )

Other Threads:
  0x000001cd0cd624c0 GCTaskThread "GC Thread#0" [stack: 0x000000a7e9e00000,0x000000a7e9f00000] [id=828]
  0x000001cd0cd74620 ConcurrentGCThread "G1 Main Marker" [stack: 0x000000a7e9f00000,0x000000a7ea000000] [id=2492]
  0x000001cd0cd75af0 ConcurrentGCThread "G1 Conc#0" [stack: 0x000000a7ea000000,0x000000a7ea100000] [id=3600]

[error occurred during error reporting (printing all threads), id 0xc0000005, EXCEPTION_ACCESS_VIOLATION (0xc0000005) at pc=0x00007ff9c5fa8047]

VM state: not at safepoint (not fully initialized)

VM Mutex/Monitor currently owned by a thread:  ([mutex/lock_event])
[0x000001cd0cd1db80] Heap_lock - owner thread: 0x000001cd0cd22c30

Heap address: 0x0000000080800000, size: 2040 MB, Compressed Oops mode: 32-bit
CDS archive(s) mapped at: [0x0000000000000000-0x0000000000000000-0x0000000000000000), size 0, SharedBaseAddress: 0x0000000800000000, ArchiveRelocationMode: 0.
Narrow klass base: 0x0000000000000000, Narrow klass shift: 0, Narrow klass range: 0x0

Heap:
 garbage-first heap   total 131072K, used 0K [0x0000000080800000, 0x0000000100000000)
  region size 1024K, 0 young (0K), 0 survivors (0K)
 Metaspace       used 0K, capacity 0K, committed 0K, reserved 0K
  class space    used 0K, capacity 0K, committed 0K, reserved 0K

Heap Regions: E=young(eden), S=young(survivor), O=old, HS=humongous(starts), HC=humongous(continues), CS=collection set, F=free, OA=open archive, CA=closed archive, TAMS=top-at-mark-start (previous, next)

Card table byte_map: [0x000001cd21920000,0x000001cd21d20000] _byte_map_base: 0x000001cd2151c000

Marking Bits (Prev, Next): (CMBitMap*) 0x000001cd0cd62d30, (CMBitMap*) 0x000001cd0cd62d70
 Prev Bits: [0x000001cd22120000, 0x000001cd24100000)
 Next Bits: [0x000001cd24100000, 0x000001cd260e0000)

GC Heap History (0 events):
No events

Deoptimization events (0 events):
No events

Classes unloaded (0 events):
No events

Classes redefined (0 events):
No events

Internal exceptions (0 events):
No events

Events (1 events):
Event: 0.017 Loaded shared library C:\Users\Piero\eclipse\plugins\org.eclipse.justj.openjdk.hotspot.jre.full.win32.x86_64_15.0.1.v20201027-0507\jre\bin\java.dll


Dynamic libraries:
0x00007ff651b50000 - 0x00007ff651b5d000 	C:\Users\Piero\eclipse\plugins\org.eclipse.justj.openjdk.hotspot.jre.full.win32.x86_64_15.0.1.v20201027-0507\jre\bin\javaw.exe
0x00007ffa46fb0000 - 0x00007ffa471a5000 	C:\Windows\SYSTEM32\ntdll.dll
0x00007ffa46680000 - 0x00007ffa4673d000 	C:\Windows\System32\KERNEL32.DLL
0x00007ffa44d40000 - 0x00007ffa45009000 	C:\Windows\System32\KERNELBASE.dll
0x00007ffa44900000 - 0x00007ffa44a00000 	C:\Windows\System32\ucrtbase.dll
0x00007ffa40400000 - 0x00007ffa40418000 	C:\Users\Piero\eclipse\plugins\org.eclipse.justj.openjdk.hotspot.jre.full.win32.x86_64_15.0.1.v20201027-0507\jre\bin\jli.dll
0x00007ffa45f70000 - 0x00007ffa46110000 	C:\Windows\System32\USER32.dll
0x00007ffa44bc0000 - 0x00007ffa44be2000 	C:\Windows\System32\win32u.dll
0x00007ffa46840000 - 0x00007ffa4686a000 	C:\Windows\System32\GDI32.dll
0x00007ffa447f0000 - 0x00007ffa448fb000 	C:\Windows\System32\gdi32full.dll
0x00007ffa44bf0000 - 0x00007ffa44c8d000 	C:\Windows\System32\msvcp_win.dll
0x00007ffa20170000 - 0x00007ffa20189000 	C:\Users\Piero\eclipse\plugins\org.eclipse.justj.openjdk.hotspot.jre.full.win32.x86_64_15.0.1.v20201027-0507\jre\bin\VCRUNTIME140.dll
0x00007ffa2e650000 - 0x00007ffa2e8ea000 	C:\Windows\WinSxS\amd64_microsoft.windows.common-controls_6595b64144ccf1df_6.0.19041.844_none_ca00b6081b84eb1d\COMCTL32.dll
0x00007ffa467a0000 - 0x00007ffa4683e000 	C:\Windows\System32\msvcrt.dll
0x00007ffa46180000 - 0x00007ffa461b0000 	C:\Windows\System32\IMM32.DLL
0x00007ffa29cd0000 - 0x00007ffa29cdc000 	C:\Users\Piero\eclipse\plugins\org.eclipse.justj.openjdk.hotspot.jre.full.win32.x86_64_15.0.1.v20201027-0507\jre\bin\vcruntime140_1.dll
0x00007ffa0c460000 - 0x00007ffa0c4f1000 	C:\Users\Piero\eclipse\plugins\org.eclipse.justj.openjdk.hotspot.jre.full.win32.x86_64_15.0.1.v20201027-0507\jre\bin\msvcp140.dll
0x00007ff9c5cf0000 - 0x00007ff9c684e000 	C:\Users\Piero\eclipse\plugins\org.eclipse.justj.openjdk.hotspot.jre.full.win32.x86_64_15.0.1.v20201027-0507\jre\bin\server\jvm.dll
0x00007ffa469f0000 - 0x00007ffa46a9c000 	C:\Windows\System32\ADVAPI32.dll
0x00007ffa46510000 - 0x00007ffa465ac000 	C:\Windows\System32\sechost.dll
0x00007ffa461b0000 - 0x00007ffa462db000 	C:\Windows\System32\RPCRT4.dll
0x00007ffa46aa0000 - 0x00007ffa46aa8000 	C:\Windows\System32\PSAPI.DLL
0x00007ffa38f10000 - 0x00007ffa38f37000 	C:\Windows\SYSTEM32\WINMM.dll
0x00007ffa276c0000 - 0x00007ffa276c9000 	C:\Windows\SYSTEM32\WSOCK32.dll
0x00007ffa3c900000 - 0x00007ffa3c90a000 	C:\Windows\SYSTEM32\VERSION.dll
0x00007ffa46490000 - 0x00007ffa464fb000 	C:\Windows\System32\WS2_32.dll
0x00007ffa42630000 - 0x00007ffa42642000 	C:\Windows\SYSTEM32\kernel.appcore.dll
0x00007ffa2cd70000 - 0x00007ffa2cd7a000 	C:\Users\Piero\eclipse\plugins\org.eclipse.justj.openjdk.hotspot.jre.full.win32.x86_64_15.0.1.v20201027-0507\jre\bin\jimage.dll
0x00007ffa28bd0000 - 0x00007ffa28db4000 	C:\Windows\SYSTEM32\DBGHELP.DLL
0x00007ffa27c80000 - 0x00007ffa27cac000 	C:\Windows\SYSTEM32\dbgcore.DLL
0x00007ffa446f0000 - 0x00007ffa44770000 	C:\Windows\System32\bcryptPrimitives.dll
0x00007ffa292b0000 - 0x00007ffa292d5000 	C:\Users\Piero\eclipse\plugins\org.eclipse.justj.openjdk.hotspot.jre.full.win32.x86_64_15.0.1.v20201027-0507\jre\bin\java.dll

dbghelp: loaded successfully - version: 4.0.5 - missing functions: none
symbol engine: initialized successfully - sym options: 0x614 - pdb path: .;C:\Users\Piero\eclipse\plugins\org.eclipse.justj.openjdk.hotspot.jre.full.win32.x86_64_15.0.1.v20201027-0507\jre\bin;C:\Windows\SYSTEM32;C:\Windows\WinSxS\amd64_microsoft.windows.common-controls_6595b64144ccf1df_6.0.19041.844_none_ca00b6081b84eb1d;C:\Users\Piero\eclipse\plugins\org.eclipse.justj.openjdk.hotspot.jre.full.win32.x86_64_15.0.1.v20201027-0507\jre\bin\server

VM Arguments:
jvm_args: -Dfile.encoding=Cp1252 -XX:+ShowCodeDetailsInExceptionMessages 
java_command: org.ciberfarma.vista.JPATest02
java_class_path (initial): C:\Users\Piero\Desktop\Clase1-DAW\dawi_mvn-jpa\target\classes;C:\Users\Piero\.m2\repository\mysql\mysql-connector-java\8.0.23\mysql-connector-java-8.0.23.jar;C:\Users\Piero\.m2\repository\com\google\protobuf\protobuf-java\3.11.4\protobuf-java-3.11.4.jar;C:\Users\Piero\.m2\repository\org\hibernate\hibernate-core\5.4.25.Final\hibernate-core-5.4.25.Final.jar;C:\Users\Piero\.m2\repository\org\jboss\logging\jboss-logging\3.4.1.Final\jboss-logging-3.4.1.Final.jar;C:\Users\Piero\.m2\repository\javax\persistence\javax.persistence-api\2.2\javax.persistence-api-2.2.jar;C:\Users\Piero\.m2\repository\org\javassist\javassist\3.27.0-GA\javassist-3.27.0-GA.jar;C:\Users\Piero\.m2\repository\net\bytebuddy\byte-buddy\1.10.17\byte-buddy-1.10.17.jar;C:\Users\Piero\.m2\repository\antlr\antlr\2.7.7\antlr-2.7.7.jar;C:\Users\Piero\.m2\repository\org\jboss\spec\javax\transaction\jboss-transaction-api_1.2_spec\1.1.1.Final\jboss-transaction-api_1.2_spec-1.1.1.Final.jar;C:\Users\Piero\.m2\repository\org\jboss\jandex\2.1.3.Final\jandex-2.1.3.Final.jar;C:\Users\Piero\.m2\repository\com\fasterxml\classmate\1.5.1\classmate-1.5.1.jar;C:\Users\Piero\.m2\repository\javax\activation\javax.activation-api\1.2.0\javax.activation-api-1.2.0.jar;C:\Users\Piero\.m2\repository\org\dom4j\dom4j\2.1.3\dom4j-2.1.3.jar;C:\Users\Piero\.m2\repository\org\hibernate\common\hibernate-commons-annotations\5.1.2.Final\hibernate-commons-annotations-5.1.2.Final.jar;C:\Users\Piero\.m2\repository\javax\xml\bind\jaxb-api\2.3.1\jaxb-api-2.3.1.jar;C:\Users\Piero\.m2\repository\org\glassfish\jaxb\jaxb-runtime\2.3.1\jaxb-runtime-2.3.1.jar;C:\Users\Piero\.m2\repository\org\glassfish\jaxb\txw2\2.3.1\txw2-2.3.1.jar;C:\Users\Piero\.m2\repository\com\sun\istack\istack-commons-runtime\3.0.7\istack-commons-runtime-3.0.7.jar;C:\Users\Piero\.m2\repository\org\jvnet\staxex\stax-ex\1.8\stax-ex-1.8.jar;C:\Users\Piero\.m2\repository\com\sun\xml\fastinfoset\FastInfoset\1.2.15\FastInfoset-1.2.15.jar
Launcher Type: SUN_STANDARD

[Global flags]
     intx CICompilerCount                          = 3                                         {product} {ergonomic}
     uint ConcGCThreads                            = 1                                         {product} {ergonomic}
     uint G1ConcRefinementThreads                  = 4                                         {product} {ergonomic}
   size_t G1HeapRegionSize                         = 1048576                                   {product} {ergonomic}
    uintx GCDrainStackTargetSize                   = 64                                        {product} {ergonomic}
   size_t InitialHeapSize                          = 134217728                                 {product} {ergonomic}
   size_t MarkStackSize                            = 4194304                                   {product} {ergonomic}
   size_t MaxHeapSize                              = 2139095040                                {product} {ergonomic}
   size_t MinHeapDeltaBytes                        = 1048576                                   {product} {ergonomic}
   size_t MinHeapSize                              = 8388608                                   {product} {ergonomic}
    uintx NonNMethodCodeHeapSize                   = 5832780                                {pd product} {ergonomic}
    uintx NonProfiledCodeHeapSize                  = 122912730                              {pd product} {ergonomic}
    uintx ProfiledCodeHeapSize                     = 122912730                              {pd product} {ergonomic}
    uintx ReservedCodeCacheSize                    = 251658240                              {pd product} {ergonomic}
     bool SegmentedCodeCache                       = true                                      {product} {ergonomic}
     bool ShowCodeDetailsInExceptionMessages       = true                                   {manageable} {command line}
   size_t SoftMaxHeapSize                          = 2139095040                             {manageable} {ergonomic}
     bool UseCompressedClassPointers               = true                                 {lp64_product} {ergonomic}
     bool UseCompressedOops                        = true                                 {lp64_product} {ergonomic}
     bool UseG1GC                                  = true                                      {product} {ergonomic}
     bool UseLargePagesIndividualAllocation        = false                                  {pd product} {ergonomic}

Logging:
Log output configuration:
 #0: stdout all=warning uptime,level,tags
 #1: stderr all=off uptime,level,tags

Environment Variables:
PATH=C:/Users/Piero/eclipse//plugins/org.eclipse.justj.openjdk.hotspot.jre.full.win32.x86_64_15.0.1.v20201027-0507/jre/bin/server;C:/Users/Piero/eclipse//plugins/org.eclipse.justj.openjdk.hotspot.jre.full.win32.x86_64_15.0.1.v20201027-0507/jre/bin;C:\Program Files (x86)\Common Files\Oracle\Java\javapath;C:\Users\Piero\AppData\Local\Programs\Python\Python39\Scripts\;C:\Users\Piero\AppData\Local\Programs\Python\Python39\;C:\Program Files\Java\jdk-14.0.1\bin;C:\Program Files\NVIDIA Corporation\NVIDIA NvDLISR;C:\Program Files (x86)\Microsoft SQL Server\150\DTS\Binn\;C:\Program Files\Azure Data Studio\bin;C:\Program Files\Git\cmd;C:\ProgramData\chocolatey\bin;C:\Windows\system32;C:\Program Files\nodejs\;C:\PHP8;C:\Program Files\dotnet\;C:\Users\Piero\Documents\apache-maven-3.6.3\bin;C:\Users\Piero\AppData\Local\Microsoft\WindowsApps;C:\Program Files\Azure Data Studio\bin;C:\Users\Piero\AppData\Local\Programs\Microsoft VS Code\bin;C:\tools\neovim\Neovim\bin;C:\Users\Piero\AppData\Roaming\npm;C:\Users\Piero\.dotnet\tools;C:\Users\Piero\eclipse;
USERNAME=Piero
OS=Windows_NT
PROCESSOR_IDENTIFIER=Intel64 Family 6 Model 58 Stepping 9, GenuineIntel



---------------  S Y S T E M  ---------------

OS:
 Windows 10 , 64 bit Build 19041 (10.0.19041.804)
OS uptime: 0 days 3:45 hours
HyperV virtualization detected

CPU: total 4 (initial active 4) (4 cores per cpu, 1 threads per core) family 6 model 58 stepping 9 microcode 0x21, cmov, cx8, fxsr, mmx, sse, sse2, sse3, ssse3, sse4.1, sse4.2, popcnt, vzeroupper, avx, aes, clmul, erms, tsc, tscinvbit, tscinv, clflush

Memory: 4k page, system-wide physical 8155M (826M free)
TotalPageFile size 24539M (AvailPageFile size 4M)
current process WorkingSet (physical memory assigned to process): 10M, peak: 10M
current process commit charge ("private bytes"): 51M, peak: 179M

vm_info: OpenJDK 64-Bit Server VM (15.0.1+9-18) for windows-amd64 JRE (15.0.1+9-18), built on Sep 15 2020 14:39:31 by "mach5one" with unknown MS VC++:1925

END.
